<?xml version="1.0" encoding="UTF-8"?>
<!-- Generated by org.testng.reporters.JUnitXMLReporter -->
<testsuite ignored="0" hostname="LAPTOP-4VIC74S6" failures="1" tests="2" name="Test" time="0.071" errors="0" timestamp="2021-12-24T15:58:59 IST">
  <testcase classname="Test6parameter" name="@AfterMethod browseroff" time="0.0">
    <failure type="java.lang.NullPointerException" message="Cannot invoke &amp;quot;org.openqa.selenium.WebDriver.close()&amp;quot; because &amp;quot;this.driver&amp;quot; is null">
      <![CDATA[java.lang.NullPointerException: Cannot invoke "org.openqa.selenium.WebDriver.close()" because "this.driver" is null
at Test6parameter.browseroff(Test6parameter.java:56)
at java.base/java.util.ArrayList.forEach(ArrayList.java:1511)
... Removed 32 stack frames]]>
    </failure>
  </testcase> <!-- @AfterMethod browseroff -->
  <testcase classname="Test6parameter" name="@BeforeMethod browseron" time="-1.640341739574E9">
    <skipped/>
  </testcase> <!-- @BeforeMethod browseron -->
  <testcase classname="Test6parameter" name="@AfterMethod browseroff" time="-1.640341739583E9">
    <skipped/>
  </testcase> <!-- @AfterMethod browseroff -->
  <testcase classname="Test6parameter" name="logotest" time="0.009">
    <failure type="java.lang.NullPointerException" message="Cannot invoke &amp;quot;org.openqa.selenium.WebDriver.findElement(org.openqa.selenium.By)&amp;quot; because &amp;quot;this.driver&amp;quot; is null">
      <![CDATA[java.lang.NullPointerException: Cannot invoke "org.openqa.selenium.WebDriver.findElement(org.openqa.selenium.By)" because "this.driver" is null
at Test6parameter.logotest(Test6parameter.java:40)
at java.base/java.util.ArrayList.forEach(ArrayList.java:1511)
... Removed 27 stack frames]]>
    </failure>
  </testcase> <!-- logotest -->
  <testcase classname="Test6parameter" name="titletest" time="0.0">
    <skipped/>
  </testcase> <!-- titletest -->
</testsuite> <!-- Test -->
