<?xml version="1.0" encoding="UTF-8"?>
<!-- Generated by org.testng.reporters.JUnitXMLReporter -->
<testsuite ignored="0" hostname="LAPTOP-4VIC74S6" failures="0" tests="2" name="Test42" time="0.085" errors="0" timestamp="2021-12-24T16:11:23 IST">
  <testcase classname="Test44RealExample2" name="@BeforeClass browseroff" time="0.01">
    <failure type="java.lang.NullPointerException" message="Cannot invoke &amp;quot;org.openqa.selenium.WebDriver.close()&amp;quot; because &amp;quot;this.driver&amp;quot; is null">
      <![CDATA[java.lang.NullPointerException: Cannot invoke "org.openqa.selenium.WebDriver.close()" because "this.driver" is null
at Test44RealExample2.browseroff(Test44RealExample2.java:69)
at java.base/java.util.ArrayList.forEach(ArrayList.java:1511)
... Removed 25 stack frames]]>
    </failure>
  </testcase> <!-- @BeforeClass browseroff -->
  <testcase classname="Test44RealExample2" name="@BeforeClass browseron" time="-1.640342483105E9">
    <skipped/>
  </testcase> <!-- @BeforeClass browseron -->
  <testcase classname="Test44RealExample2" name="logotest" time="0.0">
    <skipped/>
  </testcase> <!-- logotest -->
  <testcase classname="Test44RealExample2" name="titletest" time="0.0">
    <skipped/>
  </testcase> <!-- titletest -->
</testsuite> <!-- Test42 -->
