<?xml version="1.0" encoding="UTF-8"?>
<!-- Generated by org.testng.reporters.JUnitXMLReporter -->
<testsuite ignored="1" hostname="LAPTOP-L4E43QCP" failures="1" tests="2" name="Testlistener" time="0.122" errors="0" timestamp="2023-04-08T18:04:38 IST">
  <testcase classname="Test11Listener" name="thirdcase" time="0.036">
    <failure type="java.lang.AssertionError" message="expected [true] but found [false]">
      <![CDATA[java.lang.AssertionError: expected [true] but found [false]
at Test11Listener.thirdcase(Test11Listener.java:23)
at java.base/java.util.ArrayList.forEach(ArrayList.java:1511)
... Removed 31 stack frames]]>
    </failure>
  </testcase> <!-- thirdcase -->
  <testcase classname="Test11Listener" name="secondcase" time="0.0">
    <skipped/>
  </testcase> <!-- secondcase -->
  <testcase classname="Test11Listener" name="firstcase" time="0.0">
    <ignored/>
  </testcase> <!-- firstcase -->
</testsuite> <!-- Testlistener -->
