<?xml version="1.0" encoding="UTF-8"?>
<!-- Generated by org.testng.reporters.JUnitXMLReporter -->
<testsuite ignored="3" hostname="LAPTOP-4VIC74S6" failures="0" tests="2" name="demoTest" time="21.462" errors="0" timestamp="2021-12-21T11:31:09 IST">
  <testcase classname="Test4Priority" name="example" time="0.01"/>
  <testcase classname="Test4Priority" name="password" time="0.002"/>
  <testcase classname="Test4Priority" name="login" time="0.0">
    <ignored/>
  </testcase> <!-- login -->
  <testcase classname="Test4Priority" name="name" time="0.0">
    <ignored/>
  </testcase> <!-- name -->
  <testcase classname="Test4Priority" name="signout" time="0.0">
    <ignored/>
  </testcase> <!-- signout -->
</testsuite> <!-- demoTest -->
